<?xml version="1.0" encoding="UTF-8" ?>
<testsuite tests="17" failures="0" name="com.vitorricoy.bookmanagement.model.service.ReviewServiceTest" time="0.008" errors="0" skipped="0">
  <properties>
[...]
</properties>
  <testcase classname="com.vitorricoy.bookmanagement.model.service.ReviewServiceTest" name="testInsertReview1" time="0"/>
  <testcase classname="com.vitorricoy.bookmanagement.model.service.ReviewServiceTest" name="testInsertReview2" time="0"/>
  <testcase classname="com.vitorricoy.bookmanagement.model.service.ReviewServiceTest" name="testInsertReview3" time="0.001"/>
  <testcase classname="com.vitorricoy.bookmanagement.model.service.ReviewServiceTest" name="testInsertReview4" time="0"/>
  <testcase classname="com.vitorricoy.bookmanagement.model.service.ReviewServiceTest" name="testInsertReview5" time="0"/>
  <testcase classname="com.vitorricoy.bookmanagement.model.service.ReviewServiceTest" name="testInsertReview6" time="0"/>
  <testcase classname="com.vitorricoy.bookmanagement.model.service.ReviewServiceTest" name="testGetReviewById1" time="0"/>
  <testcase classname="com.vitorricoy.bookmanagement.model.service.ReviewServiceTest" name="testGetReviewById2" time="0"/>
  <testcase classname="com.vitorricoy.bookmanagement.model.service.ReviewServiceTest" name="testRemoveReview1" time="0"/>
  <testcase classname="com.vitorricoy.bookmanagement.model.service.ReviewServiceTest" name="testRemoveReview2" time="0"/>
  <testcase classname="com.vitorricoy.bookmanagement.model.service.ReviewServiceTest" name="testUpdateReview1" time="0"/>
  <testcase classname="com.vitorricoy.bookmanagement.model.service.ReviewServiceTest" name="testUpdateReview2" time="0"/>
  <testcase classname="com.vitorricoy.bookmanagement.model.service.ReviewServiceTest" name="testUpdateReview3" time="0"/>
  <testcase classname="com.vitorricoy.bookmanagement.model.service.ReviewServiceTest" name="testUpdateReview4" time="0"/>
  <testcase classname="com.vitorricoy.bookmanagement.model.service.ReviewServiceTest" name="testUpdateReview5" time="0"/>
  <testcase classname="com.vitorricoy.bookmanagement.model.service.ReviewServiceTest" name="testUpdateReview6" time="0"/>
  <testcase classname="com.vitorricoy.bookmanagement.model.service.ReviewServiceTest" name="testUpdateReview7" time="0"/>
</testsuite>